C51 COMPILER V9.55   BASIC                                                                 06/28/2019 14:54:50 PAGE 1   


C51 COMPILER V9.55, COMPILATION OF MODULE BASIC
OBJECT MODULE PLACED IN basic.OBJ
COMPILER INVOKED BY: C:\Keil_v5\C51\BIN\C51.EXE basic.c OPTIMIZE(8,SPEED) BROWSE DEBUG OBJECTEXTEND TABS(2)

line level    source

   1          #include<reg51.h>
   2           
   3           sbit Switch  = P2^0;    //pin connected to toggle Led 
   4           sbit Switch2 = P2^1;
   5           sbit Led =P1^0;  //Pin connected to toggle led
   6           sbit Led2 = P1^1;
   7           
   8          int main()
   9          {
  10   1         Led  = 0; //configuring as output pin
  11   1        Led2 = 0;
  12   1         Switch = 1; //Configuring as input pin
  13   1        Switch2 = 1;
  14   1        while(1) //Continuous monitor the status of the switch.
  15   1        {
  16   2         
  17   2         if(Switch == 0) 
  18   2         {
  19   3           Led =1; //Led On
  20   3       
  21   3         } 
  22   2         else 
  23   2         {
  24   3           Led =0; //Led Off
  25   3         }
  26   2         
  27   2         if(Switch2 == 0) 
  28   2         {
  29   3           Led2 =1; //Led On
  30   3       
  31   3         } 
  32   2         else 
  33   2         {
  34   3           Led2 =0; //Led Off
  35   3         }
  36   2        }
  37   1      }


MODULE INFORMATION:   STATIC OVERLAYABLE
   CODE SIZE        =     28    ----
   CONSTANT SIZE    =   ----    ----
   XDATA SIZE       =   ----    ----
   PDATA SIZE       =   ----    ----
   DATA SIZE        =   ----    ----
   IDATA SIZE       =   ----    ----
   BIT SIZE         =   ----    ----
END OF MODULE INFORMATION.


C51 COMPILATION COMPLETE.  0 WARNING(S),  0 ERROR(S)
